<?xml version="1.0" encoding="UTF-8"?>
<!-- Generated by org.testng.reporters.JUnitXMLReporter -->
<testsuite hostname="DESKTOP-3SL4LUB" ignored="0" name="Default test" tests="4" failures="0" timestamp="27 Jan 2019 08:02:06 GMT" time="34.286" errors="0">
  <testcase name="doLogin" time="4.939" classname="testnglearning.functional.TestParameterization"/>
  <testcase name="doLogin" time="8.623" classname="testnglearning.functional.TestParameterization"/>
  <testcase name="doLogin" time="6.685" classname="testnglearning.functional.TestParameterization"/>
  <testcase name="doLogin" time="6.935" classname="testnglearning.functional.TestParameterization"/>
</testsuite> <!-- Default test -->
