<?xml version="1.0" encoding="UTF-8"?>
<!-- Generated by org.testng.reporters.JUnitXMLReporter -->
<testsuite hostname="DESKTOP-3SL4LUB" ignored="2" name="Dependency Test" tests="1" failures="1" timestamp="02 Feb 2019 08:21:24 GMT" time="0.015" errors="0">
  <testcase name="doUserReg" time="0.01" classname="testnglearning.functional.TestCase3">
    <failure type="java.lang.AssertionError" message="User not registered successfully">
      <![CDATA[java.lang.AssertionError: User not registered successfully
at testnglearning.functional.TestCase3.doUserReg(TestCase3.java:14)
... Removed 26 stack frames]]>
    </failure>
  </testcase> <!-- doUserReg -->
  <testcase name="isSkip" time="0.0" classname="testnglearning.functional.TestCase3">
    <ignored/>
  </testcase> <!-- isSkip -->
  <testcase name="doLogin" time="0.0" classname="testnglearning.functional.TestCase3">
    <ignored/>
  </testcase> <!-- doLogin -->
</testsuite> <!-- Dependency Test -->
