<?xml version="1.0" encoding="UTF-8"?>
<!-- Generated by org.testng.reporters.JUnitXMLReporter -->
<testsuite hostname="DESKTOP-3SL4LUB" ignored="0" name="Login Test" tests="2" failures="2" timestamp="02 Feb 2019 08:21:24 GMT" time="0.071" errors="0">
  <testcase name="doUserReg" time="0.009" classname="testnglearning.functional.TestCase1">
    <failure type="java.lang.AssertionError" message="User reg test failed">
      <![CDATA[java.lang.AssertionError: User reg test failed
at testnglearning.functional.TestCase1.doUserReg(TestCase1.java:45)
... Removed 26 stack frames]]>
    </failure>
  </testcase> <!-- doUserReg -->
  <testcase name="doLogin" time="0.003" classname="testnglearning.functional.TestCase1">
    <failure type="java.lang.AssertionError" message="Login test failed">
      <![CDATA[java.lang.AssertionError: Login test failed
at testnglearning.functional.TestCase1.doLogin(TestCase1.java:52)
... Removed 26 stack frames]]>
    </failure>
  </testcase> <!-- doLogin -->
</testsuite> <!-- Login Test -->
